# JRE version: OpenJDK Runtime Environment Temurin-11.0.16.1+1 (11.0.16.1+1) (build 11.0.16.1+1)
# Java VM: OpenJDK 64-Bit Server VM Temurin-11.0.16.1+1 (11.0.16.1+1, mixed mode, tiered, compressed oops, g1 gc, windows-amd64)
Heap:
 garbage-first heap   total 262144K, used 45510K [0x00000000e0000000, 0x0000000100000000)
  region size 1024K, 9 young (9216K), 8 survivors (8192K)
 Metaspace       used 62941K, capacity 64534K, committed 64688K, reserved 311296K
  class space    used 7960K, capacity 8567K, committed 8576K, reserved 253952K
GC Heap History (20 events):
Event: 0.878 GC heap before
{Heap before GC invocations=0 (full 0):
 garbage-first heap   total 262144K, used 24576K [0x00000000e0000000, 0x0000000100000000)
  region size 1024K, 22 young (22528K), 0 survivors (0K)
 Metaspace       used 9923K, capacity 10167K, committed 10368K, reserved 264192K
  class space    used 993K, capacity 1074K, committed 1152K, reserved 253952K
}
Event: 0.885 GC heap after
{Heap after GC invocations=1 (full 0):
 garbage-first heap   total 262144K, used 9697K [0x00000000e0000000, 0x0000000100000000)
  region size 1024K, 3 young (3072K), 3 survivors (3072K)
 Metaspace       used 9923K, capacity 10167K, committed 10368K, reserved 264192K
  class space    used 993K, capacity 1074K, committed 1152K, reserved 253952K
}
Event: 1.212 GC heap before
{Heap before GC invocations=1 (full 0):
 garbage-first heap   total 262144K, used 21985K [0x00000000e0000000, 0x0000000100000000)
  region size 1024K, 15 young (15360K), 3 survivors (3072K)
 Metaspace       used 11164K, capacity 11445K, committed 11520K, reserved 264192K
  class space    used 1149K, capacity 1244K, committed 1280K, reserved 253952K
}
Event: 1.216 GC heap after
{Heap after GC invocations=2 (full 0):
 garbage-first heap   total 262144K, used 10154K [0x00000000e0000000, 0x0000000100000000)
  region size 1024K, 1 young (1024K), 1 survivors (1024K)
 Metaspace       used 11164K, capacity 11445K, committed 11520K, reserved 264192K
  class space    used 1149K, capacity 1244K, committed 1280K, reserved 253952K
}
Event: 1.974 GC heap before
{Heap before GC invocations=2 (full 0):
 garbage-first heap   total 262144K, used 55210K [0x00000000e0000000, 0x0000000100000000)
  region size 1024K, 45 young (46080K), 1 survivors (1024K)
 Metaspace       used 14477K, capacity 14846K, committed 15104K, reserved 268288K
  class space    used 1606K, capacity 1718K, committed 1792K, reserved 253952K
}
Event: 1.982 GC heap after
{Heap after GC invocations=3 (full 0):
 garbage-first heap   total 262144K, used 16114K [0x00000000e0000000, 0x0000000100000000)
  region size 1024K, 6 young (6144K), 6 survivors (6144K)
 Metaspace       used 14477K, capacity 14846K, committed 15104K, reserved 268288K
  class space    used 1606K, capacity 1718K, committed 1792K, reserved 253952K
}
Event: 2.981 GC heap before
{Heap before GC invocations=3 (full 0):
 garbage-first heap   total 262144K, used 60146K [0x00000000e0000000, 0x0000000100000000)
  region size 1024K, 50 young (51200K), 6 survivors (6144K)
 Metaspace       used 20754K, capacity 21182K, committed 21296K, reserved 274432K
  class space    used 2519K, capacity 2683K, committed 2688K, reserved 253952K
}
Event: 2.994 GC heap after
{Heap after GC invocations=4 (full 0):
 garbage-first heap   total 262144K, used 17530K [0x00000000e0000000, 0x0000000100000000)
  region size 1024K, 2 young (2048K), 2 survivors (2048K)
 Metaspace       used 20754K, capacity 21182K, committed 21296K, reserved 274432K
  class space    used 2519K, capacity 2683K, committed 2688K, reserved 253952K
}
Event: 4.169 GC heap before
{Heap before GC invocations=5 (full 0):
 garbage-first heap   total 262144K, used 89210K [0x00000000e0000000, 0x0000000100000000)
  region size 1024K, 72 young (73728K), 2 survivors (2048K)
 Metaspace       used 27891K, capacity 28546K, committed 28720K, reserved 280576K
  class space    used 3641K, capacity 3875K, committed 3968K, reserved 253952K
}
Event: 4.180 GC heap after
{Heap after GC invocations=6 (full 0):
 garbage-first heap   total 262144K, used 19824K [0x00000000e0000000, 0x0000000100000000)
  region size 1024K, 5 young (5120K), 5 survivors (5120K)
 Metaspace       used 27891K, capacity 28546K, committed 28720K, reserved 280576K
  class space    used 3641K, capacity 3875K, committed 3968K, reserved 253952K
}
Event: 5.282 GC heap before
{Heap before GC invocations=6 (full 0):
 garbage-first heap   total 262144K, used 90480K [0x00000000e0000000, 0x0000000100000000)
  region size 1024K, 75 young (76800K), 5 survivors (5120K)
 Metaspace       used 35002K, capacity 35802K, committed 35920K, reserved 286720K
  class space    used 4547K, capacity 4864K, committed 4864K, reserved 253952K
}
Event: 5.295 GC heap after
{Heap after GC invocations=7 (full 0):
 garbage-first heap   total 262144K, used 24146K [0x00000000e0000000, 0x0000000100000000)
  region size 1024K, 9 young (9216K), 9 survivors (9216K)
 Metaspace       used 35002K, capacity 35802K, committed 35920K, reserved 286720K
  class space    used 4547K, capacity 4864K, committed 4864K, reserved 253952K
}
Event: 7.471 GC heap before
{Heap before GC invocations=8 (full 0):
 garbage-first heap   total 262144K, used 134738K [0x00000000e0000000, 0x0000000100000000)
  region size 1024K, 115 young (117760K), 9 survivors (9216K)
 Metaspace       used 46544K, capacity 47602K, committed 47696K, reserved 296960K
  class space    used 5913K, capacity 6325K, committed 6400K, reserved 253952K
}
Event: 7.497 GC heap after
{Heap after GC invocations=9 (full 0):
 garbage-first heap   total 262144K, used 31361K [0x00000000e0000000, 0x0000000100000000)
  region size 1024K, 14 young (14336K), 14 survivors (14336K)
 Metaspace       used 46544K, capacity 47602K, committed 47696K, reserved 296960K
  class space    used 5913K, capacity 6325K, committed 6400K, reserved 253952K
}
Event: 8.810 GC heap before
{Heap before GC invocations=9 (full 0):
 garbage-first heap   total 262144K, used 173697K [0x00000000e0000000, 0x0000000100000000)
  region size 1024K, 153 young (156672K), 14 survivors (14336K)
 Metaspace       used 48051K, capacity 49236K, committed 49360K, reserved 296960K
  class space    used 6024K, capacity 6480K, committed 6528K, reserved 253952K
}
Event: 8.845 GC heap after
{Heap after GC invocations=10 (full 0):
 garbage-first heap   total 262144K, used 37034K [0x00000000e0000000, 0x0000000100000000)
  region size 1024K, 14 young (14336K), 14 survivors (14336K)
 Metaspace       used 48051K, capacity 49236K, committed 49360K, reserved 296960K
  class space    used 6024K, capacity 6480K, committed 6528K, reserved 253952K
}
Event: 11.075 GC heap before
{Heap before GC invocations=10 (full 0):
 garbage-first heap   total 262144K, used 165034K [0x00000000e0000000, 0x0000000100000000)
  region size 1024K, 140 young (143360K), 14 survivors (14336K)
 Metaspace       used 58399K, capacity 59932K, committed 60080K, reserved 307200K
  class space    used 7374K, capacity 7995K, committed 8064K, reserved 253952K
}
Event: 11.108 GC heap after
{Heap after GC invocations=11 (full 0):
 garbage-first heap   total 262144K, used 42861K [0x00000000e0000000, 0x0000000100000000)
  region size 1024K, 12 young (12288K), 12 survivors (12288K)
 Metaspace       used 58399K, capacity 59932K, committed 60080K, reserved 307200K
  class space    used 7374K, capacity 7995K, committed 8064K, reserved 253952K
}
Event: 13.507 GC heap before
{Heap before GC invocations=12 (full 0):
 garbage-first heap   total 262144K, used 186221K [0x00000000e0000000, 0x0000000100000000)
  region size 1024K, 153 young (156672K), 12 survivors (12288K)
 Metaspace       used 62920K, capacity 64546K, committed 64688K, reserved 311296K
  class space    used 7963K, capacity 8571K, committed 8576K, reserved 253952K
}
Event: 13.531 GC heap after
{Heap after GC invocations=13 (full 0):
 garbage-first heap   total 262144K, used 47558K [0x00000000e0000000, 0x0000000100000000)
  region size 1024K, 10 young (10240K), 10 survivors (10240K)
 Metaspace       used 62920K, capacity 64546K, committed 64688K, reserved 311296K
  class space    used 7963K, capacity 8571K, committed 8576K, reserved 253952K
}

