# JRE version: Java(TM) SE Runtime Environment 18.9 (11.0.17+10) (build 11.0.17+10-LTS-269)
# Java VM: Java HotSpot(TM) 64-Bit Server VM 18.9 (11.0.17+10-LTS-269, mixed mode, tiered, compressed oops, g1 gc, windows-amd64)
Heap:
 garbage-first heap   total 262144K, used 212889K [0x00000000e0000000, 0x0000000100000000)
  region size 1024K, 64 young (65536K), 7 survivors (7168K)
 Metaspace       used 81431K, capacity 84025K, committed 84352K, reserved 327680K
  class space    used 10317K, capacity 11275K, committed 11392K, reserved 253952K
GC Heap History (10 events):
Event: 31.531 GC heap before
{Heap before GC invocations=19 (full 0):
 garbage-first heap   total 262144K, used 219936K [0x00000000e0000000, 0x0000000100000000)
  region size 1024K, 78 young (79872K), 7 survivors (7168K)
 Metaspace       used 78824K, capacity 81246K, committed 81536K, reserved 325632K
  class space    used 10151K, capacity 11021K, committed 11136K, reserved 253952K
}
Event: 31.539 GC heap after
{Heap after GC invocations=20 (full 0):
 garbage-first heap   total 262144K, used 148933K [0x00000000e0000000, 0x0000000100000000)
  region size 1024K, 4 young (4096K), 4 survivors (4096K)
 Metaspace       used 78824K, capacity 81246K, committed 81536K, reserved 325632K
  class space    used 10151K, capacity 11021K, committed 11136K, reserved 253952K
}
Event: 33.729 GC heap before
{Heap before GC invocations=20 (full 0):
 garbage-first heap   total 262144K, used 220613K [0x00000000e0000000, 0x0000000100000000)
  region size 1024K, 75 young (76800K), 4 survivors (4096K)
 Metaspace       used 79409K, capacity 81881K, committed 82048K, reserved 325632K
  class space    used 10169K, capacity 11071K, committed 11136K, reserved 253952K
}
Event: 33.738 GC heap after
{Heap after GC invocations=21 (full 0):
 garbage-first heap   total 262144K, used 152814K [0x00000000e0000000, 0x0000000100000000)
  region size 1024K, 8 young (8192K), 8 survivors (8192K)
 Metaspace       used 79409K, capacity 81881K, committed 82048K, reserved 325632K
  class space    used 10169K, capacity 11071K, committed 11136K, reserved 253952K
}
Event: 35.991 GC heap before
{Heap before GC invocations=22 (full 0):
 garbage-first heap   total 262144K, used 222446K [0x00000000e0000000, 0x0000000100000000)
  region size 1024K, 76 young (77824K), 8 survivors (8192K)
 Metaspace       used 79784K, capacity 82284K, committed 82560K, reserved 325632K
  class space    used 10171K, capacity 11074K, committed 11136K, reserved 253952K
}
Event: 36.005 GC heap after
{Heap after GC invocations=23 (full 0):
 garbage-first heap   total 262144K, used 157355K [0x00000000e0000000, 0x0000000100000000)
  region size 1024K, 10 young (10240K), 10 survivors (10240K)
 Metaspace       used 79784K, capacity 82284K, committed 82560K, reserved 325632K
  class space    used 10171K, capacity 11074K, committed 11136K, reserved 253952K
}
Event: 66.134 GC heap before
{Heap before GC invocations=23 (full 0):
 garbage-first heap   total 262144K, used 221867K [0x00000000e0000000, 0x0000000100000000)
  region size 1024K, 73 young (74752K), 10 survivors (10240K)
 Metaspace       used 80376K, capacity 82983K, committed 83200K, reserved 327680K
  class space    used 10222K, capacity 11169K, committed 11264K, reserved 253952K
}
Event: 66.139 GC heap after
{Heap after GC invocations=24 (full 0):
 garbage-first heap   total 262144K, used 151303K [0x00000000e0000000, 0x0000000100000000)
  region size 1024K, 3 young (3072K), 3 survivors (3072K)
 Metaspace       used 80376K, capacity 82983K, committed 83200K, reserved 327680K
  class space    used 10222K, capacity 11169K, committed 11264K, reserved 253952K
}
Event: 78.912 GC heap before
{Heap before GC invocations=25 (full 0):
 garbage-first heap   total 262144K, used 222983K [0x00000000e0000000, 0x0000000100000000)
  region size 1024K, 73 young (74752K), 3 survivors (3072K)
 Metaspace       used 80976K, capacity 83505K, committed 83712K, reserved 327680K
  class space    used 10252K, capacity 11214K, committed 11264K, reserved 253952K
}
Event: 78.922 GC heap after
{Heap after GC invocations=26 (full 0):
 garbage-first heap   total 262144K, used 155545K [0x00000000e0000000, 0x0000000100000000)
  region size 1024K, 7 young (7168K), 7 survivors (7168K)
 Metaspace       used 80976K, capacity 83505K, committed 83712K, reserved 327680K
  class space    used 10252K, capacity 11214K, committed 11264K, reserved 253952K
}

