# JRE version: Java(TM) SE Runtime Environment 18.9 (11.0.17+10) (build 11.0.17+10-LTS-269)
# Java VM: Java HotSpot(TM) 64-Bit Server VM 18.9 (11.0.17+10-LTS-269, mixed mode, tiered, compressed oops, g1 gc, windows-amd64)
Heap:
 garbage-first heap   total 157696K, used 13017K [0x0000000080800000, 0x0000000100000000)
  region size 1024K, 5 young (5120K), 5 survivors (5120K)
 Metaspace       used 23488K, capacity 24262K, committed 24368K, reserved 1071104K
  class space    used 2818K, capacity 3139K, committed 3200K, reserved 1048576K
GC Heap History (9 events):
Event: 0.707 GC heap before
{Heap before GC invocations=0 (full 0):
 garbage-first heap   total 131072K, used 22528K [0x0000000080800000, 0x0000000100000000)
  region size 1024K, 22 young (22528K), 0 survivors (0K)
 Metaspace       used 9694K, capacity 9870K, committed 9984K, reserved 1058816K
  class space    used 945K, capacity 991K, committed 1024K, reserved 1048576K
}
Event: 0.714 GC heap after
{Heap after GC invocations=1 (full 0):
 garbage-first heap   total 131072K, used 7854K [0x0000000080800000, 0x0000000100000000)
  region size 1024K, 3 young (3072K), 3 survivors (3072K)
 Metaspace       used 9694K, capacity 9870K, committed 9984K, reserved 1058816K
  class space    used 945K, capacity 991K, committed 1024K, reserved 1048576K
}
Event: 1.021 GC heap before
{Heap before GC invocations=1 (full 0):
 garbage-first heap   total 131072K, used 25262K [0x0000000080800000, 0x0000000100000000)
  region size 1024K, 20 young (20480K), 3 survivors (3072K)
 Metaspace       used 13052K, capacity 13441K, committed 13568K, reserved 1060864K
  class space    used 1369K, capacity 1490K, committed 1536K, reserved 1048576K
}
Event: 1.025 GC heap after
{Heap after GC invocations=2 (full 0):
 garbage-first heap   total 131072K, used 8902K [0x0000000080800000, 0x0000000100000000)
  region size 1024K, 1 young (1024K), 1 survivors (1024K)
 Metaspace       used 13052K, capacity 13441K, committed 13568K, reserved 1060864K
  class space    used 1369K, capacity 1490K, committed 1536K, reserved 1048576K
}
Event: 1.492 GC heap before
{Heap before GC invocations=2 (full 0):
 garbage-first heap   total 131072K, used 51910K [0x0000000080800000, 0x0000000100000000)
  region size 1024K, 44 young (45056K), 1 survivors (1024K)
 Metaspace       used 19633K, capacity 20286K, committed 20480K, reserved 1067008K
  class space    used 2268K, capacity 2519K, committed 2560K, reserved 1048576K
}
Event: 1.497 GC heap after
{Heap after GC invocations=3 (full 0):
 garbage-first heap   total 131072K, used 10475K [0x0000000080800000, 0x0000000100000000)
  region size 1024K, 3 young (3072K), 3 survivors (3072K)
 Metaspace       used 19633K, capacity 20286K, committed 20480K, reserved 1067008K
  class space    used 2268K, capacity 2519K, committed 2560K, reserved 1048576K
}
Event: 1.592 GC heap before
{Heap before GC invocations=3 (full 0):
 garbage-first heap   total 131072K, used 17643K [0x0000000080800000, 0x0000000100000000)
  region size 1024K, 11 young (11264K), 3 survivors (3072K)
 Metaspace       used 20548K, capacity 21158K, committed 21296K, reserved 1069056K
  class space    used 2384K, capacity 2640K, committed 2688K, reserved 1048576K
}
Event: 1.599 GC heap after
{Heap after GC invocations=4 (full 0):
 garbage-first heap   total 131072K, used 10680K [0x0000000080800000, 0x0000000100000000)
  region size 1024K, 3 young (3072K), 3 survivors (3072K)
 Metaspace       used 20548K, capacity 21158K, committed 21296K, reserved 1069056K
  class space    used 2384K, capacity 2640K, committed 2688K, reserved 1048576K
}
Event: 2.411 GC heap before
{Heap before GC invocations=5 (full 0):
 garbage-first heap   total 131072K, used 65976K [0x0000000080800000, 0x0000000100000000)
  region size 1024K, 57 young (58368K), 3 survivors (3072K)
 Metaspace       used 23488K, capacity 24262K, committed 24368K, reserved 1071104K
  class space    used 2818K, capacity 3139K, committed 3200K, reserved 1048576K
}

